<?xml version="1.0" encoding="UTF-8"?>
<testng-results skipped="0" failed="1" ignored="0" total="2" passed="1">
  <reporter-output>
  </reporter-output>
  <suite name="TrainingTestSuite" duration-ms="40994" started-at="2017-06-28T05:18:25Z" finished-at="2017-06-28T05:19:06Z">
    <groups>
    </groups>
    <test name="Flight Booking Test" duration-ms="40994" started-at="2017-06-28T05:18:25Z" finished-at="2017-06-28T05:19:06Z">
      <class name="org.epam.tests.FlightBookingTest">
        <test-method status="PASS" signature="excelPaths(java.lang.String)[pri:0, instance:org.epam.tests.FlightBookingTest@4c12331b]" name="excelPaths" is-config="true" duration-ms="6" started-at="2017-06-28T10:48:25Z" finished-at="2017-06-28T10:48:25Z">
          <params>
            <param index="0">
              <value>
                <![CDATA[src/test/resources/TestData/VuelingData.xlsx]]>
              </value>
            </param>
          </params>
          <reporter-output>
          </reporter-output>
        </test-method> <!-- excelPaths -->
        <test-method status="PASS" signature="setUp(java.lang.String, java.lang.String)[pri:0, instance:org.epam.tests.FlightBookingTest@4c12331b]" name="setUp" is-config="true" duration-ms="11165" started-at="2017-06-28T10:48:25Z" finished-at="2017-06-28T10:48:36Z">
          <params>
            <param index="0">
              <value>
                <![CDATA[Firefox]]>
              </value>
            </param>
            <param index="1">
              <value>
                <![CDATA[http://www.vueling.com/en]]>
              </value>
            </param>
          </params>
          <reporter-output>
          </reporter-output>
        </test-method> <!-- setUp -->
        <test-method status="PASS" signature="flightBookingTest(java.util.Map)[pri:0, instance:org.epam.tests.FlightBookingTest@4c12331b]" name="flightBookingTest" duration-ms="28384" started-at="2017-06-28T10:48:36Z" data-provider="row-based-data" finished-at="2017-06-28T10:49:05Z">
          <params>
            <param index="0">
              <value>
                <![CDATA[{adultsCount=2, babiesCount=2, childrenCount=2, chooseYourflightTabStatusStatus=selected, destinationCity=Barcelona, familyType=General Large Family, fromCity=Almeria, inBoundDate=20/7/2017, outBoundDate=13/7/2017, selectedDestinationCity=Barcelona (BCN), selectedFromCity=Almeria (LEI)}]]>
              </value>
            </param>
          </params>
          <reporter-output>
          </reporter-output>
        </test-method> <!-- flightBookingTest -->
        <test-method status="FAIL" signature="validateFlightSearchTest(java.util.Map)[pri:0, instance:org.epam.tests.FlightBookingTest@4c12331b]" name="validateFlightSearchTest" duration-ms="427" started-at="2017-06-28T10:49:05Z" data-provider="row-based-data" depends-on-methods="org.epam.tests.FlightBookingTest.flightBookingTest" finished-at="2017-06-28T10:49:05Z">
          <params>
            <param index="0">
              <value>
                <![CDATA[{adultsCount=2, babiesCount=2, childrenCount=2, chooseYourflightTabStatusStatus=selected, destinationCity=Barcelona, familyType=General Large Family, fromCity=Almeria, inBoundDate=20/7/2017, outBoundDate=13/7/2017, selectedDestinationCity=Barcelona (BCN), selectedFromCity=Almeria (LEI)}]]>
              </value>
            </param>
          </params>
          <exception class="java.lang.AssertionError">
            <message>
              <![CDATA[The following asserts failed:
	Actual city details and Expected city details are not same expected [Almeria (LEI) - Barcelona (BCN)] but found [Almería (LEI) - Barcelona (BCN)],
	Actual Journy dates and Expected Journey dates are not same expected [13/7/2017 - 20/7/2017] but found [13/07/2017 - 20/07/2017],
	Actual Passenger details and Expected Passenger details are not same expected [2 Adults, 2 Children, 2 Babies] but found [2 Adultos, 2 Niños, 2 Bebés]]]>
            </message>
            <full-stacktrace>
              <![CDATA[java.lang.AssertionError: The following asserts failed:
	Actual city details and Expected city details are not same expected [Almeria (LEI) - Barcelona (BCN)] but found [Almería (LEI) - Barcelona (BCN)],
	Actual Journy dates and Expected Journey dates are not same expected [13/7/2017 - 20/7/2017] but found [13/07/2017 - 20/07/2017],
	Actual Passenger details and Expected Passenger details are not same expected [2 Adults, 2 Children, 2 Babies] but found [2 Adultos, 2 Niños, 2 Bebés]
	at org.testng.asserts.SoftAssert.assertAll(SoftAssert.java:43)
	at org.epam.tests.FlightBookingTest.validateFlightSearchTest(FlightBookingTest.java:55)
	at sun.reflect.NativeMethodAccessorImpl.invoke0(Native Method)
	at sun.reflect.NativeMethodAccessorImpl.invoke(NativeMethodAccessorImpl.java:62)
	at sun.reflect.DelegatingMethodAccessorImpl.invoke(DelegatingMethodAccessorImpl.java:43)
	at java.lang.reflect.Method.invoke(Method.java:498)
	at org.testng.internal.MethodInvocationHelper.invokeMethod(MethodInvocationHelper.java:108)
	at org.testng.internal.Invoker.invokeMethod(Invoker.java:661)
	at org.testng.internal.Invoker.invokeTestMethod(Invoker.java:869)
	at org.testng.internal.Invoker.invokeTestMethods(Invoker.java:1193)
	at org.testng.internal.TestMethodWorker.invokeTestMethods(TestMethodWorker.java:126)
	at org.testng.internal.TestMethodWorker.run(TestMethodWorker.java:109)
	at org.testng.TestRunner.privateRun(TestRunner.java:744)
	at org.testng.TestRunner.run(TestRunner.java:602)
	at org.testng.SuiteRunner.runTest(SuiteRunner.java:380)
	at org.testng.SuiteRunner.runSequentially(SuiteRunner.java:375)
	at org.testng.SuiteRunner.privateRun(SuiteRunner.java:340)
	at org.testng.SuiteRunner.run(SuiteRunner.java:289)
	at org.testng.SuiteRunnerWorker.runSuite(SuiteRunnerWorker.java:52)
	at org.testng.SuiteRunnerWorker.run(SuiteRunnerWorker.java:86)
	at org.testng.TestNG.runSuitesSequentially(TestNG.java:1301)
	at org.testng.TestNG.runSuitesLocally(TestNG.java:1226)
	at org.testng.TestNG.runSuites(TestNG.java:1144)
	at org.testng.TestNG.run(TestNG.java:1115)
	at org.apache.maven.surefire.testng.TestNGExecutor.run(TestNGExecutor.java:283)
	at org.apache.maven.surefire.testng.TestNGXmlTestSuite.execute(TestNGXmlTestSuite.java:75)
	at org.apache.maven.surefire.testng.TestNGProvider.invoke(TestNGProvider.java:120)
	at org.apache.maven.surefire.booter.ForkedBooter.invokeProviderInSameClassLoader(ForkedBooter.java:386)
	at org.apache.maven.surefire.booter.ForkedBooter.runSuitesInProcess(ForkedBooter.java:323)
	at org.apache.maven.surefire.booter.ForkedBooter.main(ForkedBooter.java:143)
]]>
            </full-stacktrace>
          </exception> <!-- java.lang.AssertionError -->
          <reporter-output>
          </reporter-output>
        </test-method> <!-- validateFlightSearchTest -->
        <test-method status="PASS" signature="tearDown()[pri:0, instance:org.epam.tests.FlightBookingTest@4c12331b]" name="tearDown" is-config="true" duration-ms="576" started-at="2017-06-28T10:49:05Z" finished-at="2017-06-28T10:49:06Z">
          <reporter-output>
          </reporter-output>
        </test-method> <!-- tearDown -->
      </class> <!-- org.epam.tests.FlightBookingTest -->
    </test> <!-- Flight Booking Test -->
  </suite> <!-- TrainingTestSuite -->
</testng-results>
